<?xml version="1.0" encoding="UTF-8"?>
<!-- Generated by org.testng.reporters.JUnitXMLReporter -->
<testsuite ignored="0" hostname="AshokMeiyanatha" failures="1" tests="3" name="Error Validation Test" time="44.747" errors="0" timestamp="27 Apr 2025 06:45:13 GMT">
  <testcase classname="ashok.selenium.practice.SeleniumFrameworkDesign.tests.ErrorValidation" name="loginErrorValidation" time="0.63">
    <skipped/>
  </testcase> <!-- loginErrorValidation -->
  <testcase classname="ashok.selenium.practice.SeleniumFrameworkDesign.tests.ErrorValidation" name="loginErrorValidation" time="0.678">
    <failure type="java.lang.AssertionError" message="expected [Incorrect email or password.] but found [Incorrect email or passwor.]">
      <![CDATA[java.lang.AssertionError: expected [Incorrect email or password.] but found [Incorrect email or passwor.]
at ashok.selenium.practice.SeleniumFrameworkDesign.tests.ErrorValidation.loginErrorValidation(ErrorValidation.java:35)
at java.base/java.util.concurrent.FutureTask.run(FutureTask.java:264)
at java.base/java.util.concurrent.ThreadPoolExecutor.runWorker(ThreadPoolExecutor.java:1136)
at java.base/java.util.concurrent.ThreadPoolExecutor$Worker.run(ThreadPoolExecutor.java:635)
at java.base/java.lang.Thread.run(Thread.java:833)
... Removed 22 stack frames]]>
    </failure>
  </testcase> <!-- loginErrorValidation -->
  <testcase classname="ashok.selenium.practice.SeleniumFrameworkDesign.tests.ErrorValidation" name="productErrorValidation" time="24.095"/>
</testsuite> <!-- Error Validation Test -->
